/*C106*/SET SCHEMA PUBLIC
DISCONNECT
/*C105*/SET SCHEMA PUBLIC
DISCONNECT
/*C104*/SET SCHEMA PUBLIC
DISCONNECT
/*C107*/SET SCHEMA PUBLIC
DISCONNECT
/*C108*/SET SCHEMA PUBLIC
DISCONNECT
/*C109*/SET SCHEMA PUBLIC
DISCONNECT
/*C112*/SET SCHEMA PUBLIC
DISCONNECT
/*C111*/SET SCHEMA PUBLIC
DISCONNECT
/*C110*/SET SCHEMA PUBLIC
DISCONNECT
/*C115*/SET SCHEMA PUBLIC
DISCONNECT
/*C114*/SET SCHEMA PUBLIC
DISCONNECT
/*C113*/SET SCHEMA PUBLIC
DISCONNECT
/*C116*/SET SCHEMA PUBLIC
DISCONNECT
/*C117*/SET SCHEMA PUBLIC
DISCONNECT
/*C118*/SET SCHEMA PUBLIC
DISCONNECT
/*C119*/SET SCHEMA PUBLIC
DISCONNECT
/*C121*/SET SCHEMA PUBLIC
DISCONNECT
/*C120*/SET SCHEMA PUBLIC
DISCONNECT
/*C123*/SET SCHEMA PUBLIC
DISCONNECT
/*C124*/SET SCHEMA PUBLIC
DISCONNECT
/*C122*/SET SCHEMA PUBLIC
DISCONNECT
/*C125*/SET SCHEMA PUBLIC
DISCONNECT
/*C127*/SET SCHEMA PUBLIC
DISCONNECT
/*C126*/SET SCHEMA PUBLIC
DISCONNECT
/*C130*/SET SCHEMA PUBLIC
DISCONNECT
/*C128*/SET SCHEMA PUBLIC
DISCONNECT
/*C129*/SET SCHEMA PUBLIC
DISCONNECT
/*C131*/SET SCHEMA PUBLIC
DISCONNECT
/*C133*/SET SCHEMA PUBLIC
DISCONNECT
/*C132*/SET SCHEMA PUBLIC
DISCONNECT
/*C136*/SET SCHEMA PUBLIC
DISCONNECT
/*C135*/SET SCHEMA PUBLIC
DISCONNECT
/*C134*/SET SCHEMA PUBLIC
DISCONNECT
/*C137*/SET SCHEMA PUBLIC
DISCONNECT
/*C139*/SET SCHEMA PUBLIC
DISCONNECT
/*C138*/SET SCHEMA PUBLIC
DISCONNECT
/*C142*/SET SCHEMA PUBLIC
INSERT INTO USUARIO VALUES(13,'lucas@gmail.com','Lucas')
COMMIT
/*C140*/SET SCHEMA PUBLIC
DISCONNECT
/*C142*/DISCONNECT
/*C141*/SET SCHEMA PUBLIC
DISCONNECT
/*C143*/SET SCHEMA PUBLIC
DISCONNECT
/*C144*/SET SCHEMA PUBLIC
DISCONNECT
/*C145*/SET SCHEMA PUBLIC
DISCONNECT
/*C146*/SET SCHEMA PUBLIC
DISCONNECT
/*C147*/SET SCHEMA PUBLIC
DISCONNECT
/*C148*/SET SCHEMA PUBLIC
DISCONNECT
/*C150*/SET SCHEMA PUBLIC
DISCONNECT
/*C151*/SET SCHEMA PUBLIC
DISCONNECT
/*C149*/SET SCHEMA PUBLIC
DISCONNECT
/*C154*/SET SCHEMA PUBLIC
INSERT INTO USUARIO VALUES(14,'lucas@gmail.com','Lucas')
COMMIT
DISCONNECT
/*C152*/SET SCHEMA PUBLIC
DISCONNECT
/*C153*/SET SCHEMA PUBLIC
DISCONNECT
/*C157*/SET SCHEMA PUBLIC
INSERT INTO USUARIO VALUES(15,'lucas@gmail.com','Lucas')
COMMIT
DISCONNECT
/*C156*/SET SCHEMA PUBLIC
DISCONNECT
/*C155*/SET SCHEMA PUBLIC
DISCONNECT
/*C160*/SET SCHEMA PUBLIC
DISCONNECT
/*C158*/SET SCHEMA PUBLIC
DISCONNECT
/*C159*/SET SCHEMA PUBLIC
DISCONNECT
/*C163*/SET SCHEMA PUBLIC
INSERT INTO USUARIO VALUES(16,'lucas@gmail.com','Lucas')
COMMIT
INSERT INTO USUARIO VALUES(17,'lucas@gmail.com','Lucas')
COMMIT
DISCONNECT
/*C162*/SET SCHEMA PUBLIC
DISCONNECT
/*C161*/SET SCHEMA PUBLIC
DISCONNECT
/*C166*/SET SCHEMA PUBLIC
INSERT INTO USUARIO VALUES(18,'lucas@gmail.com','Lucas')
COMMIT
/*C164*/SET SCHEMA PUBLIC
DISCONNECT
/*C166*/DISCONNECT
/*C165*/SET SCHEMA PUBLIC
DISCONNECT
/*C169*/SET SCHEMA PUBLIC
DISCONNECT
/*C168*/SET SCHEMA PUBLIC
DISCONNECT
/*C167*/SET SCHEMA PUBLIC
DISCONNECT
/*C172*/SET SCHEMA PUBLIC
DISCONNECT
/*C171*/SET SCHEMA PUBLIC
DISCONNECT
/*C170*/SET SCHEMA PUBLIC
DISCONNECT
/*C175*/SET SCHEMA PUBLIC
INSERT INTO USUARIO VALUES(19,'lucas@gmail.com','Lucas')
COMMIT
DISCONNECT
/*C173*/SET SCHEMA PUBLIC
DISCONNECT
/*C174*/SET SCHEMA PUBLIC
DISCONNECT
/*C177*/SET SCHEMA PUBLIC
DISCONNECT
/*C178*/SET SCHEMA PUBLIC
DISCONNECT
/*C176*/SET SCHEMA PUBLIC
DISCONNECT
/*C181*/SET SCHEMA PUBLIC
INSERT INTO USUARIO VALUES(20,'ronaldo2009@terra.com.br','Ronaldo Luiz de Albuquerque')
COMMIT
DELETE FROM USUARIO WHERE ID=1
COMMIT
INSERT INTO USUARIO VALUES(21,'lucas@gmail.com','Lucas')
COMMIT
/*C179*/SET SCHEMA PUBLIC
DISCONNECT
/*C180*/SET SCHEMA PUBLIC
DISCONNECT
/*C181*/DISCONNECT
/*C182*/SET SCHEMA PUBLIC
INSERT INTO USUARIO VALUES(22,'ronaldo2009@terra.com.br','Ronaldo Luiz de Albuquerque')
COMMIT
DELETE FROM USUARIO WHERE ID=2
COMMIT
DISCONNECT
/*C183*/SET SCHEMA PUBLIC
DISCONNECT
/*C184*/SET SCHEMA PUBLIC
DISCONNECT
/*C187*/SET SCHEMA PUBLIC
INSERT INTO USUARIO VALUES(23,'ze@gmail.com','ze')
COMMIT
DELETE FROM USUARIO WHERE ID=3
COMMIT
INSERT INTO USUARIO VALUES(24,'lucas@gmail.com','Lucas')
COMMIT
DELETE FROM USUARIO WHERE ID=23
COMMIT
DISCONNECT
/*C185*/SET SCHEMA PUBLIC
DISCONNECT
/*C186*/SET SCHEMA PUBLIC
DISCONNECT
/*C190*/SET SCHEMA PUBLIC
DELETE FROM USUARIO WHERE ID=20
COMMIT
DELETE FROM USUARIO WHERE ID=22
COMMIT
DELETE FROM USUARIO WHERE ID=4
COMMIT
DELETE FROM USUARIO WHERE ID=5
COMMIT
DELETE FROM USUARIO WHERE ID=6
COMMIT
DELETE FROM USUARIO WHERE ID=7
COMMIT
DELETE FROM USUARIO WHERE ID=8
COMMIT
DELETE FROM USUARIO WHERE ID=9
COMMIT
DELETE FROM USUARIO WHERE ID=10
COMMIT
DELETE FROM USUARIO WHERE ID=11
COMMIT
DELETE FROM USUARIO WHERE ID=12
COMMIT
DELETE FROM USUARIO WHERE ID=13
COMMIT
INSERT INTO USUARIO VALUES(25,'ze@gmail.com','ze')
COMMIT
DELETE FROM USUARIO WHERE ID=14
COMMIT
INSERT INTO USUARIO VALUES(26,'lucas@gmail.com','Lucas')
COMMIT
DISCONNECT
/*C188*/SET SCHEMA PUBLIC
DISCONNECT
/*C189*/SET SCHEMA PUBLIC
DISCONNECT
/*C193*/SET SCHEMA PUBLIC
DELETE FROM USUARIO WHERE ID=15
COMMIT
DELETE FROM USUARIO WHERE ID=16
COMMIT
DELETE FROM USUARIO WHERE ID=17
COMMIT
DELETE FROM USUARIO WHERE ID=18
COMMIT
DELETE FROM USUARIO WHERE ID=19
COMMIT
DELETE FROM USUARIO WHERE ID=21
COMMIT
DELETE FROM USUARIO WHERE ID=24
COMMIT
DELETE FROM USUARIO WHERE ID=25
COMMIT
DELETE FROM USUARIO WHERE ID=26
COMMIT
INSERT INTO USUARIO VALUES(27,'ze@gmail.com','ze')
COMMIT
DELETE FROM USUARIO WHERE ID=27
COMMIT
INSERT INTO USUARIO VALUES(28,'lucas@gmail.com','Lucas')
COMMIT
/*C192*/SET SCHEMA PUBLIC
DISCONNECT
/*C191*/SET SCHEMA PUBLIC
DISCONNECT
/*C193*/DISCONNECT
/*C195*/SET SCHEMA PUBLIC
DISCONNECT
/*C194*/SET SCHEMA PUBLIC
DISCONNECT
/*C196*/SET SCHEMA PUBLIC
DISCONNECT
/*C197*/SET SCHEMA PUBLIC
DISCONNECT
/*C199*/SET SCHEMA PUBLIC
DISCONNECT
/*C198*/SET SCHEMA PUBLIC
DISCONNECT
/*C200*/SET SCHEMA PUBLIC
DISCONNECT
/*C201*/SET SCHEMA PUBLIC
DISCONNECT
/*C202*/SET SCHEMA PUBLIC
DISCONNECT
/*C205*/SET SCHEMA PUBLIC
DISCONNECT
/*C203*/SET SCHEMA PUBLIC
DISCONNECT
/*C204*/SET SCHEMA PUBLIC
DISCONNECT
/*C206*/SET SCHEMA PUBLIC
DISCONNECT
/*C207*/SET SCHEMA PUBLIC
DISCONNECT
/*C208*/SET SCHEMA PUBLIC
DISCONNECT
/*C211*/SET SCHEMA PUBLIC
DISCONNECT
/*C209*/SET SCHEMA PUBLIC
DISCONNECT
/*C210*/SET SCHEMA PUBLIC
DISCONNECT
/*C212*/SET SCHEMA PUBLIC
DISCONNECT
/*C214*/SET SCHEMA PUBLIC
DISCONNECT
/*C213*/SET SCHEMA PUBLIC
DISCONNECT
/*C217*/SET SCHEMA PUBLIC
DISCONNECT
/*C216*/SET SCHEMA PUBLIC
DISCONNECT
/*C215*/SET SCHEMA PUBLIC
DISCONNECT
/*C219*/SET SCHEMA PUBLIC
DISCONNECT
/*C218*/SET SCHEMA PUBLIC
DISCONNECT
/*C220*/SET SCHEMA PUBLIC
DISCONNECT
/*C222*/SET SCHEMA PUBLIC
DISCONNECT
/*C223*/SET SCHEMA PUBLIC
DISCONNECT
/*C221*/SET SCHEMA PUBLIC
DISCONNECT
/*C224*/SET SCHEMA PUBLIC
DISCONNECT
/*C225*/SET SCHEMA PUBLIC
DISCONNECT
/*C226*/SET SCHEMA PUBLIC
DISCONNECT
/*C227*/SET SCHEMA PUBLIC
DISCONNECT
/*C228*/SET SCHEMA PUBLIC
DISCONNECT
/*C229*/SET SCHEMA PUBLIC
DISCONNECT
/*C232*/SET SCHEMA PUBLIC
DISCONNECT
/*C231*/SET SCHEMA PUBLIC
DISCONNECT
/*C230*/SET SCHEMA PUBLIC
DISCONNECT
/*C234*/SET SCHEMA PUBLIC
DISCONNECT
/*C235*/SET SCHEMA PUBLIC
DISCONNECT
/*C233*/SET SCHEMA PUBLIC
DISCONNECT
/*C236*/SET SCHEMA PUBLIC
DISCONNECT
/*C238*/SET SCHEMA PUBLIC
DISCONNECT
/*C237*/SET SCHEMA PUBLIC
DISCONNECT
/*C241*/SET SCHEMA PUBLIC
DISCONNECT
/*C239*/SET SCHEMA PUBLIC
DISCONNECT
/*C240*/SET SCHEMA PUBLIC
DISCONNECT
/*C243*/SET SCHEMA PUBLIC
DISCONNECT
/*C244*/SET SCHEMA PUBLIC
DISCONNECT
/*C242*/SET SCHEMA PUBLIC
DISCONNECT
/*C247*/SET SCHEMA PUBLIC
DISCONNECT
/*C246*/SET SCHEMA PUBLIC
DISCONNECT
/*C245*/SET SCHEMA PUBLIC
DISCONNECT
/*C250*/SET SCHEMA PUBLIC
INSERT INTO USUARIO VALUES(29,'andre@gmail.com','Andre')
COMMIT
INSERT INTO USUARIO VALUES(30,'andre@gmail.com','Andre')
COMMIT
INSERT INTO LEILAO VALUES(1,'2018-08-04 19:29:48.939000','Notebook','1',123.0E0,29)
COMMIT
DISCONNECT
/*C249*/SET SCHEMA PUBLIC
DISCONNECT
/*C248*/SET SCHEMA PUBLIC
DISCONNECT
/*C253*/SET SCHEMA PUBLIC
INSERT INTO USUARIO VALUES(31,'andre@gmail.com','Andre')
COMMIT
INSERT INTO LEILAO VALUES(2,'2018-08-04 19:31:04.064000','Notebook','1',123.0E0,29)
COMMIT
DISCONNECT
/*C251*/SET SCHEMA PUBLIC
DISCONNECT
/*C252*/SET SCHEMA PUBLIC
DISCONNECT
/*C254*/SET SCHEMA PUBLIC
DISCONNECT
/*C256*/SET SCHEMA PUBLIC
DISCONNECT
/*C255*/SET SCHEMA PUBLIC
DISCONNECT
/*C259*/SET SCHEMA PUBLIC
DISCONNECT
/*C257*/SET SCHEMA PUBLIC
DISCONNECT
/*C258*/SET SCHEMA PUBLIC
DISCONNECT
/*C261*/SET SCHEMA PUBLIC
DISCONNECT
/*C262*/SET SCHEMA PUBLIC
DISCONNECT
/*C260*/SET SCHEMA PUBLIC
DISCONNECT
/*C264*/SET SCHEMA PUBLIC
DISCONNECT
/*C265*/SET SCHEMA PUBLIC
DISCONNECT
/*C263*/SET SCHEMA PUBLIC
DISCONNECT
/*C266*/SET SCHEMA PUBLIC
DISCONNECT
/*C268*/SET SCHEMA PUBLIC
DISCONNECT
/*C267*/SET SCHEMA PUBLIC
DISCONNECT
/*C269*/SET SCHEMA PUBLIC
INSERT INTO USUARIO VALUES(32,'andre@gmail.com','Andre')
COMMIT
INSERT INTO USUARIO VALUES(33,'andre@gmail.com','Andre')
COMMIT
INSERT INTO LEILAO VALUES(3,'2018-08-04 19:40:14.956000','Notebook','1',123.0E0,29)
COMMIT
INSERT INTO USUARIO VALUES(34,'andre@gmail.com','Andre')
COMMIT
INSERT INTO USUARIO VALUES(35,'andre@gmail.com','Andre')
COMMIT
INSERT INTO LEILAO VALUES(4,'2018-08-04 19:40:56.151000','Notebook','1',123.0E0,29)
COMMIT
INSERT INTO USUARIO VALUES(36,'andre@gmail.com','Andre')
COMMIT
INSERT INTO USUARIO VALUES(37,'andre@gmail.com','Andre')
COMMIT
INSERT INTO LEILAO VALUES(5,'2018-08-04 19:41:25.190000','Notebook','1',123.0E0,29)
COMMIT
DISCONNECT
/*C270*/SET SCHEMA PUBLIC
DISCONNECT
/*C271*/SET SCHEMA PUBLIC
DISCONNECT
/*C274*/SET SCHEMA PUBLIC
INSERT INTO USUARIO VALUES(38,'andre@gmail.com','Andre')
COMMIT
INSERT INTO USUARIO VALUES(39,'andre@gmail.com','Andre')
COMMIT
INSERT INTO LEILAO VALUES(6,'2018-08-04 19:43:00.715000','Notebook','1',123.0E0,29)
COMMIT
/*C273*/SET SCHEMA PUBLIC
DISCONNECT
/*C272*/SET SCHEMA PUBLIC
DISCONNECT
/*C274*/DISCONNECT
/*C277*/SET SCHEMA PUBLIC
DISCONNECT
/*C275*/SET SCHEMA PUBLIC
DISCONNECT
/*C276*/SET SCHEMA PUBLIC
DISCONNECT
/*C280*/SET SCHEMA PUBLIC
DISCONNECT
/*C279*/SET SCHEMA PUBLIC
DISCONNECT
/*C278*/SET SCHEMA PUBLIC
DISCONNECT
/*C283*/SET SCHEMA PUBLIC
INSERT INTO USUARIO VALUES(40,'marvin@gmail.com','Marvin')
COMMIT
DELETE FROM USUARIO WHERE ID=28
INSERT INTO USUARIO VALUES(28,'bender@gmail.com','Bender')
COMMIT
INSERT INTO USUARIO VALUES(41,'ze@gmail.com','ze')
COMMIT
DELETE FROM USUARIO WHERE ID=28
COMMIT
INSERT INTO USUARIO VALUES(42,'lucas@gmail.com','Lucas')
COMMIT
ROLLBACK
DISCONNECT
/*C284*/SET SCHEMA PUBLIC
DISCONNECT
/*C281*/SET SCHEMA PUBLIC
DISCONNECT
/*C282*/SET SCHEMA PUBLIC
DISCONNECT
/*C287*/SET SCHEMA PUBLIC
ROLLBACK
DISCONNECT
/*C288*/SET SCHEMA PUBLIC
ROLLBACK
DISCONNECT
/*C289*/SET SCHEMA PUBLIC
ROLLBACK
DISCONNECT
/*C290*/SET SCHEMA PUBLIC
ROLLBACK
DISCONNECT
/*C291*/SET SCHEMA PUBLIC
ROLLBACK
DISCONNECT
/*C292*/SET SCHEMA PUBLIC
ROLLBACK
DISCONNECT
/*C293*/SET SCHEMA PUBLIC
ROLLBACK
DISCONNECT
/*C294*/SET SCHEMA PUBLIC
ROLLBACK
DISCONNECT
/*C295*/SET SCHEMA PUBLIC
ROLLBACK
DISCONNECT
/*C296*/SET SCHEMA PUBLIC
ROLLBACK
DISCONNECT
/*C297*/SET SCHEMA PUBLIC
ROLLBACK
DISCONNECT
/*C298*/SET SCHEMA PUBLIC
ROLLBACK
DISCONNECT
/*C299*/SET SCHEMA PUBLIC
ROLLBACK
DISCONNECT
/*C300*/SET SCHEMA PUBLIC
ROLLBACK
DISCONNECT
/*C301*/SET SCHEMA PUBLIC
ROLLBACK
DISCONNECT
/*C302*/SET SCHEMA PUBLIC
ROLLBACK
DISCONNECT
/*C303*/SET SCHEMA PUBLIC
ROLLBACK
DISCONNECT
/*C304*/SET SCHEMA PUBLIC
ROLLBACK
DISCONNECT
/*C305*/SET SCHEMA PUBLIC
ROLLBACK
DISCONNECT
/*C306*/SET SCHEMA PUBLIC
ROLLBACK
DISCONNECT
/*C307*/SET SCHEMA PUBLIC
ROLLBACK
DISCONNECT
/*C308*/SET SCHEMA PUBLIC
ROLLBACK
DISCONNECT
/*C309*/SET SCHEMA PUBLIC
ROLLBACK
DISCONNECT
/*C310*/SET SCHEMA PUBLIC
ROLLBACK
DISCONNECT
/*C311*/SET SCHEMA PUBLIC
ROLLBACK
DISCONNECT
/*C312*/SET SCHEMA PUBLIC
ROLLBACK
DISCONNECT
/*C313*/SET SCHEMA PUBLIC
ROLLBACK
DISCONNECT
/*C314*/SET SCHEMA PUBLIC
ROLLBACK
DISCONNECT
/*C315*/SET SCHEMA PUBLIC
ROLLBACK
DISCONNECT
/*C316*/SET SCHEMA PUBLIC
ROLLBACK
DISCONNECT
/*C317*/SET SCHEMA PUBLIC
ROLLBACK
DISCONNECT
/*C318*/SET SCHEMA PUBLIC
ROLLBACK
DISCONNECT
/*C319*/SET SCHEMA PUBLIC
ROLLBACK
DISCONNECT
/*C320*/SET SCHEMA PUBLIC
DELETE FROM USUARIO WHERE ID=30
COMMIT
ROLLBACK
DISCONNECT
/*C321*/SET SCHEMA PUBLIC
ROLLBACK
DISCONNECT
/*C322*/SET SCHEMA PUBLIC
DELETE FROM USUARIO WHERE ID=41
COMMIT
DELETE FROM USUARIO WHERE ID=40
COMMIT
ROLLBACK
DISCONNECT
/*C323*/SET SCHEMA PUBLIC
ROLLBACK
DISCONNECT
/*C324*/SET SCHEMA PUBLIC
DISCONNECT
/*C286*/SET SCHEMA PUBLIC
DISCONNECT
/*C285*/SET SCHEMA PUBLIC
DISCONNECT
/*C327*/SET SCHEMA PUBLIC
ROLLBACK
DISCONNECT
/*C328*/SET SCHEMA PUBLIC
DELETE FROM USUARIO WHERE ID=32
COMMIT
DELETE FROM USUARIO WHERE ID=42
COMMIT
DELETE FROM USUARIO WHERE ID=39
COMMIT
DELETE FROM USUARIO WHERE ID=34
COMMIT
DELETE FROM USUARIO WHERE ID=33
COMMIT
ROLLBACK
DISCONNECT
/*C329*/SET SCHEMA PUBLIC
DELETE FROM USUARIO WHERE ID=31
COMMIT
DELETE FROM USUARIO WHERE ID=36
COMMIT
DELETE FROM USUARIO WHERE ID=35
COMMIT
DELETE FROM USUARIO WHERE ID=37
COMMIT
DELETE FROM USUARIO WHERE ID=38
COMMIT
ROLLBACK
DISCONNECT
/*C330*/SET SCHEMA PUBLIC
ROLLBACK
DISCONNECT
/*C331*/SET SCHEMA PUBLIC
INSERT INTO USUARIO VALUES(43,'marvin@gmail.com','Marvin')
COMMIT
DELETE FROM USUARIO WHERE ID=29
INSERT INTO USUARIO VALUES(29,'bender@gmail.com','Bender')
COMMIT
INSERT INTO USUARIO VALUES(44,'ze@gmail.com','ze')
COMMIT
ROLLBACK
DISCONNECT
/*C332*/SET SCHEMA PUBLIC
INSERT INTO USUARIO VALUES(45,'lucas@gmail.com','Lucas')
COMMIT
DISCONNECT
/*C326*/SET SCHEMA PUBLIC
DISCONNECT
/*C325*/SET SCHEMA PUBLIC
DISCONNECT
/*C335*/SET SCHEMA PUBLIC
INSERT INTO USUARIO VALUES(46,'marvin@gmail.com','Marvin')
COMMIT
INSERT INTO USUARIO VALUES(47,'ze@gmail.com','ze')
COMMIT
ROLLBACK
DISCONNECT
/*C336*/SET SCHEMA PUBLIC
INSERT INTO USUARIO VALUES(48,'lucas@gmail.com','Lucas')
COMMIT
/*C333*/SET SCHEMA PUBLIC
DISCONNECT
/*C334*/SET SCHEMA PUBLIC
DISCONNECT
/*C336*/DISCONNECT
/*C339*/SET SCHEMA PUBLIC
DELETE FROM LEILAO WHERE ID=1
DELETE FROM LEILAO WHERE ID=2
DELETE FROM LEILAO WHERE ID=3
DELETE FROM LEILAO WHERE ID=4
DELETE FROM LEILAO WHERE ID=5
DELETE FROM LEILAO WHERE ID=6
DELETE FROM USUARIO WHERE ID=29
DELETE FROM USUARIO WHERE ID=43
DELETE FROM USUARIO WHERE ID=44
DELETE FROM USUARIO WHERE ID=45
DELETE FROM USUARIO WHERE ID=46
DELETE FROM USUARIO WHERE ID=47
DELETE FROM USUARIO WHERE ID=48
COMMIT
INSERT INTO USUARIO VALUES(49,'marvin@gmail.com','Marvin')
COMMIT
DELETE FROM USUARIO WHERE ID=49
INSERT INTO USUARIO VALUES(49,'bender@gmail.com','Bender')
COMMIT
DELETE FROM USUARIO WHERE ID=49
COMMIT
INSERT INTO USUARIO VALUES(50,'ze@gmail.com','ze')
COMMIT
DELETE FROM USUARIO WHERE ID=50
COMMIT
INSERT INTO USUARIO VALUES(51,'lucas@gmail.com','Lucas')
COMMIT
DISCONNECT
/*C338*/SET SCHEMA PUBLIC
DISCONNECT
/*C337*/SET SCHEMA PUBLIC
DISCONNECT
/*C342*/SET SCHEMA PUBLIC
DELETE FROM USUARIO WHERE ID=51
COMMIT
INSERT INTO USUARIO VALUES(52,'andre@gmail.com','Andre')
COMMIT
DELETE FROM USUARIO WHERE ID=52
COMMIT
INSERT INTO USUARIO VALUES(53,'andre@gmail.com','Andre')
COMMIT
INSERT INTO LEILAO VALUES(7,'2018-08-04 19:55:25.819000','Notebook','1',123.0E0,53)
COMMIT
DELETE FROM LEILAO WHERE ID=7
DELETE FROM USUARIO WHERE ID=53
COMMIT
INSERT INTO USUARIO VALUES(54,'andre@gmail.com','Andre')
COMMIT
DELETE FROM USUARIO WHERE ID=54
COMMIT
INSERT INTO USUARIO VALUES(55,'andre@gmail.com','Andre')
COMMIT
INSERT INTO LEILAO VALUES(8,'2018-08-04 19:56:16.659000','Notebook','1',123.0E0,55)
COMMIT
/*C341*/SET SCHEMA PUBLIC
DISCONNECT
/*C342*/DISCONNECT
/*C340*/SET SCHEMA PUBLIC
DISCONNECT
/*C345*/SET SCHEMA PUBLIC
DELETE FROM LEILAO WHERE ID=8
DELETE FROM USUARIO WHERE ID=55
COMMIT
INSERT INTO USUARIO VALUES(56,'andre@gmail.com','Andre')
COMMIT
DELETE FROM USUARIO WHERE ID=56
COMMIT
INSERT INTO USUARIO VALUES(57,'andre@gmail.com','Andre')
COMMIT
INSERT INTO LEILAO VALUES(9,'2018-08-04 19:56:56.140000','Notebook','1',123.0E0,57)
COMMIT
DISCONNECT
/*C344*/SET SCHEMA PUBLIC
DISCONNECT
/*C343*/SET SCHEMA PUBLIC
DISCONNECT
/*C348*/SET SCHEMA PUBLIC
DISCONNECT
/*C347*/SET SCHEMA PUBLIC
DISCONNECT
/*C346*/SET SCHEMA PUBLIC
DISCONNECT
/*C350*/SET SCHEMA PUBLIC
DISCONNECT
/*C351*/SET SCHEMA PUBLIC
DISCONNECT
/*C349*/SET SCHEMA PUBLIC
DISCONNECT
/*C352*/SET SCHEMA PUBLIC
DISCONNECT
/*C354*/SET SCHEMA PUBLIC
DISCONNECT
/*C353*/SET SCHEMA PUBLIC
DISCONNECT
/*C355*/SET SCHEMA PUBLIC
DISCONNECT
/*C356*/SET SCHEMA PUBLIC
DISCONNECT
/*C357*/SET SCHEMA PUBLIC
DISCONNECT
/*C358*/SET SCHEMA PUBLIC
DISCONNECT
/*C360*/SET SCHEMA PUBLIC
DISCONNECT
/*C359*/SET SCHEMA PUBLIC
DISCONNECT
/*C361*/SET SCHEMA PUBLIC
DISCONNECT
/*C362*/SET SCHEMA PUBLIC
DISCONNECT
/*C363*/SET SCHEMA PUBLIC
DISCONNECT
/*C366*/SET SCHEMA PUBLIC
DISCONNECT
/*C365*/SET SCHEMA PUBLIC
DISCONNECT
/*C364*/SET SCHEMA PUBLIC
DISCONNECT
/*C369*/SET SCHEMA PUBLIC
DISCONNECT
/*C367*/SET SCHEMA PUBLIC
DISCONNECT
/*C368*/SET SCHEMA PUBLIC
DISCONNECT
/*C370*/SET SCHEMA PUBLIC
DISCONNECT
/*C372*/SET SCHEMA PUBLIC
DISCONNECT
/*C371*/SET SCHEMA PUBLIC
DISCONNECT
/*C373*/SET SCHEMA PUBLIC
DISCONNECT
/*C374*/SET SCHEMA PUBLIC
DISCONNECT
/*C375*/SET SCHEMA PUBLIC
DISCONNECT
/*C377*/SET SCHEMA PUBLIC
DISCONNECT
/*C378*/SET SCHEMA PUBLIC
DISCONNECT
/*C376*/SET SCHEMA PUBLIC
DISCONNECT
/*C381*/SET SCHEMA PUBLIC
DELETE FROM LEILAO WHERE ID=9
DELETE FROM USUARIO WHERE ID=57
COMMIT
INSERT INTO USUARIO VALUES(58,'andre@gmail.com','Andre')
COMMIT
INSERT INTO USUARIO VALUES(59,'lucas@gmail.com','Lucas')
COMMIT
INSERT INTO LEILAO VALUES(10,'2018-08-04 20:18:07.952000','Notebook','0',100.0E0,58)
COMMIT
/*C379*/SET SCHEMA PUBLIC
DISCONNECT
/*C380*/SET SCHEMA PUBLIC
DISCONNECT
/*C381*/DISCONNECT
/*C384*/SET SCHEMA PUBLIC
DELETE FROM LEILAO WHERE ID=10
DELETE FROM USUARIO WHERE ID=58
DELETE FROM USUARIO WHERE ID=59
COMMIT
INSERT INTO USUARIO VALUES(60,'andre@gmail.com','Andre')
COMMIT
INSERT INTO USUARIO VALUES(61,'lucas@gmail.com','Lucas')
COMMIT
INSERT INTO LEILAO VALUES(11,'2018-08-04 20:18:58.196000','Notebook','0',100.0E0,60)
COMMIT
INSERT INTO LANCE VALUES(1,'2018-08-04 20:18:58.921000',150.0E0,11,60)
COMMIT
DELETE FROM LANCE WHERE ID=1
DELETE FROM LEILAO WHERE ID=11
DELETE FROM USUARIO WHERE ID=60
DELETE FROM USUARIO WHERE ID=61
COMMIT
INSERT INTO USUARIO VALUES(62,'andre@gmail.com','Andre')
COMMIT
INSERT INTO USUARIO VALUES(63,'lucas@gmail.com','Lucas')
COMMIT
INSERT INTO LEILAO VALUES(12,'2018-08-04 20:20:05.033000','Notebook','0',100.0E0,62)
COMMIT
/*C382*/SET SCHEMA PUBLIC
DISCONNECT
/*C383*/SET SCHEMA PUBLIC
DISCONNECT
/*C384*/DISCONNECT
/*C387*/SET SCHEMA PUBLIC
INSERT INTO LANCE VALUES(2,'2018-08-04 20:20:05.696000',150.0E0,12,62)
COMMIT
DELETE FROM LANCE WHERE ID=2
DELETE FROM LEILAO WHERE ID=12
DELETE FROM USUARIO WHERE ID=62
DELETE FROM USUARIO WHERE ID=63
COMMIT
INSERT INTO USUARIO VALUES(64,'andre@gmail.com','Andre')
COMMIT
INSERT INTO USUARIO VALUES(65,'lucas@gmail.com','Lucas')
COMMIT
INSERT INTO LEILAO VALUES(13,'2018-08-04 20:20:59.061000','Notebook','0',100.0E0,64)
COMMIT
INSERT INTO LANCE VALUES(3,'2018-08-04 20:20:59.715000',150.0E0,13,64)
COMMIT
/*C385*/SET SCHEMA PUBLIC
DISCONNECT
/*C386*/SET SCHEMA PUBLIC
DISCONNECT
/*C387*/DISCONNECT
/*C389*/SET SCHEMA PUBLIC
DISCONNECT
/*C390*/SET SCHEMA PUBLIC
DISCONNECT
/*C388*/SET SCHEMA PUBLIC
DISCONNECT
/*C393*/SET SCHEMA PUBLIC
DISCONNECT
/*C391*/SET SCHEMA PUBLIC
DISCONNECT
/*C392*/SET SCHEMA PUBLIC
DISCONNECT
/*C394*/SET SCHEMA PUBLIC
DISCONNECT
/*C396*/SET SCHEMA PUBLIC
DISCONNECT
/*C395*/SET SCHEMA PUBLIC
DISCONNECT
/*C399*/SET SCHEMA PUBLIC
DELETE FROM LANCE WHERE ID=3
DELETE FROM LEILAO WHERE ID=13
DELETE FROM USUARIO WHERE ID=64
DELETE FROM USUARIO WHERE ID=65
COMMIT
INSERT INTO USUARIO VALUES(66,'andre@gmail.com','Andre')
COMMIT
INSERT INTO USUARIO VALUES(67,'lucas@gmail.com','lucas')
COMMIT
INSERT INTO LEILAO VALUES(14,'2018-08-04 20:28:12.101000','Notebook','0',100.0E0,66)
COMMIT
/*C398*/SET SCHEMA PUBLIC
DISCONNECT
/*C397*/SET SCHEMA PUBLIC
DISCONNECT
/*C399*/DISCONNECT
/*C402*/SET SCHEMA PUBLIC
DELETE FROM LEILAO WHERE ID=14
DELETE FROM USUARIO WHERE ID=66
DELETE FROM USUARIO WHERE ID=67
COMMIT
INSERT INTO USUARIO VALUES(68,'andre@gmail.com','Andre')
COMMIT
INSERT INTO USUARIO VALUES(69,'lucas@gmail.com','Lucas')
COMMIT
INSERT INTO LEILAO VALUES(15,'2018-08-04 20:29:19.559000','Notebook','0',100.0E0,68)
COMMIT
INSERT INTO LANCE VALUES(4,'2018-08-04 20:29:20.375000',150.0E0,15,68)
COMMIT
/*C400*/SET SCHEMA PUBLIC
DISCONNECT
/*C401*/SET SCHEMA PUBLIC
DISCONNECT
/*C402*/DISCONNECT
/*C403*/SET SCHEMA PUBLIC
DISCONNECT
/*C405*/SET SCHEMA PUBLIC
DISCONNECT
/*C404*/SET SCHEMA PUBLIC
DISCONNECT
/*C408*/SET SCHEMA PUBLIC
DISCONNECT
/*C407*/SET SCHEMA PUBLIC
DISCONNECT
/*C406*/SET SCHEMA PUBLIC
DISCONNECT
/*C410*/SET SCHEMA PUBLIC
DISCONNECT
/*C411*/SET SCHEMA PUBLIC
DISCONNECT
/*C409*/SET SCHEMA PUBLIC
DISCONNECT
/*C413*/SET SCHEMA PUBLIC
DISCONNECT
/*C412*/SET SCHEMA PUBLIC
DISCONNECT
/*C414*/SET SCHEMA PUBLIC
DISCONNECT
/*C415*/SET SCHEMA PUBLIC
DISCONNECT
/*C417*/SET SCHEMA PUBLIC
DISCONNECT
/*C416*/SET SCHEMA PUBLIC
DISCONNECT
/*C420*/SET SCHEMA PUBLIC
DISCONNECT
/*C419*/SET SCHEMA PUBLIC
DISCONNECT
/*C418*/SET SCHEMA PUBLIC
DISCONNECT
/*C423*/SET SCHEMA PUBLIC
DISCONNECT
/*C421*/SET SCHEMA PUBLIC
DISCONNECT
/*C422*/SET SCHEMA PUBLIC
DISCONNECT
/*C426*/SET SCHEMA PUBLIC
DISCONNECT
/*C425*/SET SCHEMA PUBLIC
DISCONNECT
/*C424*/SET SCHEMA PUBLIC
DISCONNECT
/*C429*/SET SCHEMA PUBLIC
DISCONNECT
/*C427*/SET SCHEMA PUBLIC
DISCONNECT
/*C428*/SET SCHEMA PUBLIC
DISCONNECT
/*C430*/SET SCHEMA PUBLIC
DISCONNECT
/*C432*/SET SCHEMA PUBLIC
DISCONNECT
/*C431*/SET SCHEMA PUBLIC
DISCONNECT
/*C433*/SET SCHEMA PUBLIC
DISCONNECT
/*C435*/SET SCHEMA PUBLIC
DISCONNECT
/*C434*/SET SCHEMA PUBLIC
DISCONNECT
/*C436*/SET SCHEMA PUBLIC
DISCONNECT
/*C437*/SET SCHEMA PUBLIC
DISCONNECT
/*C438*/SET SCHEMA PUBLIC
DISCONNECT
/*C440*/SET SCHEMA PUBLIC
DISCONNECT
/*C441*/SET SCHEMA PUBLIC
DISCONNECT
/*C439*/SET SCHEMA PUBLIC
DISCONNECT
/*C443*/SET SCHEMA PUBLIC
DISCONNECT
/*C442*/SET SCHEMA PUBLIC
DISCONNECT
/*C444*/SET SCHEMA PUBLIC
DISCONNECT
/*C447*/SET SCHEMA PUBLIC
DISCONNECT
/*C445*/SET SCHEMA PUBLIC
DISCONNECT
/*C446*/SET SCHEMA PUBLIC
DISCONNECT
/*C448*/SET SCHEMA PUBLIC
DISCONNECT
/*C450*/SET SCHEMA PUBLIC
DISCONNECT
/*C449*/SET SCHEMA PUBLIC
DISCONNECT
/*C453*/SET SCHEMA PUBLIC
DISCONNECT
/*C452*/SET SCHEMA PUBLIC
DISCONNECT
/*C451*/SET SCHEMA PUBLIC
DISCONNECT
/*C456*/SET SCHEMA PUBLIC
DISCONNECT
/*C455*/SET SCHEMA PUBLIC
DISCONNECT
/*C454*/SET SCHEMA PUBLIC
DISCONNECT
/*C459*/SET SCHEMA PUBLIC
DISCONNECT
/*C458*/SET SCHEMA PUBLIC
DISCONNECT
/*C457*/SET SCHEMA PUBLIC
DISCONNECT
/*C462*/SET SCHEMA PUBLIC
DISCONNECT
/*C460*/SET SCHEMA PUBLIC
DISCONNECT
/*C461*/SET SCHEMA PUBLIC
DISCONNECT
/*C463*/SET SCHEMA PUBLIC
DISCONNECT
/*C464*/SET SCHEMA PUBLIC
DISCONNECT
/*C465*/SET SCHEMA PUBLIC
DISCONNECT
/*C468*/SET SCHEMA PUBLIC
DISCONNECT
/*C466*/SET SCHEMA PUBLIC
DISCONNECT
/*C467*/SET SCHEMA PUBLIC
DISCONNECT
/*C469*/SET SCHEMA PUBLIC
DISCONNECT
/*C470*/SET SCHEMA PUBLIC
DISCONNECT
/*C471*/SET SCHEMA PUBLIC
DISCONNECT
